<?xml version="1.0" encoding="UTF-8"?>
<testsuite xmlns:xsi="http://www.w3.org/2001/XMLSchema-instance" xsi:noNamespaceSchemaLocation="https://maven.apache.org/surefire/maven-surefire-plugin/xsd/surefire-test-report.xsd" name="com.aurora.test.MybatisTest" time="1.515" tests="3" errors="0" skipped="0" failures="0">
  <properties>
    <property name="java.specification.version" value="14"/>
    <property name="sun.cpu.isalist" value="amd64"/>
    <property name="sun.jnu.encoding" value="GBK"/>
    <property name="java.class.path" value="G:\Users\56440\IdeaProjects\AIDustbinServer\target\test-classes;G:\Users\56440\IdeaProjects\AIDustbinServer\target\classes;C:\Users\56440\.m2\repository\junit\junit\4.11\junit-4.11.jar;C:\Users\56440\.m2\repository\org\hamcrest\hamcrest-core\1.3\hamcrest-core-1.3.jar;C:\Users\56440\.m2\repository\org\mybatis\mybatis\3.5.2\mybatis-3.5.2.jar;C:\Users\56440\.m2\repository\mysql\mysql-connector-java\8.0.23\mysql-connector-java-8.0.23.jar;C:\Users\56440\.m2\repository\com\google\protobuf\protobuf-java\3.11.4\protobuf-java-3.11.4.jar;C:\Users\56440\.m2\repository\javax\servlet\servlet-api\2.5\servlet-api-2.5.jar;"/>
    <property name="java.vm.vendor" value="Oracle Corporation"/>
    <property name="sun.arch.data.model" value="64"/>
    <property name="user.variant" value=""/>
    <property name="java.vendor.url" value="https://java.oracle.com/"/>
    <property name="user.timezone" value="Asia/Shanghai"/>
    <property name="os.name" value="Windows 10"/>
    <property name="java.vm.specification.version" value="14"/>
    <property name="sun.java.launcher" value="SUN_STANDARD"/>
    <property name="user.country" value="CN"/>
    <property name="sun.boot.library.path" value="D:\Program Files\Java\jdk-14\bin"/>
    <property name="sun.java.command" value="C:\Users\56440\AppData\Local\Temp\surefire6003424218985846373\surefirebooter10489720883162933835.jar C:\Users\56440\AppData\Local\Temp\surefire6003424218985846373 2021-03-16T20-08-31_031-jvmRun1 surefire2059516918693952209tmp surefire_07157503018833224813tmp"/>
    <property name="jdk.debug" value="release"/>
    <property name="surefire.test.class.path" value="G:\Users\56440\IdeaProjects\AIDustbinServer\target\test-classes;G:\Users\56440\IdeaProjects\AIDustbinServer\target\classes;C:\Users\56440\.m2\repository\junit\junit\4.11\junit-4.11.jar;C:\Users\56440\.m2\repository\org\hamcrest\hamcrest-core\1.3\hamcrest-core-1.3.jar;C:\Users\56440\.m2\repository\org\mybatis\mybatis\3.5.2\mybatis-3.5.2.jar;C:\Users\56440\.m2\repository\mysql\mysql-connector-java\8.0.23\mysql-connector-java-8.0.23.jar;C:\Users\56440\.m2\repository\com\google\protobuf\protobuf-java\3.11.4\protobuf-java-3.11.4.jar;C:\Users\56440\.m2\repository\javax\servlet\servlet-api\2.5\servlet-api-2.5.jar;"/>
    <property name="sun.cpu.endian" value="little"/>
    <property name="user.home" value="C:\Users\56440"/>
    <property name="user.language" value="zh"/>
    <property name="java.specification.vendor" value="Oracle Corporation"/>
    <property name="java.version.date" value="2020-03-17"/>
    <property name="java.home" value="D:\Program Files\Java\jdk-14"/>
    <property name="file.separator" value="\"/>
    <property name="basedir" value="G:\Users\56440\IdeaProjects\AIDustbinServer"/>
    <property name="java.vm.compressedOopsMode" value="Zero based"/>
    <property name="line.separator" value="&#10;"/>
    <property name="java.vm.specification.vendor" value="Oracle Corporation"/>
    <property name="java.specification.name" value="Java Platform API Specification"/>
    <property name="idea.version2020.1.1" value="true"/>
    <property name="surefire.real.class.path" value="C:\Users\56440\AppData\Local\Temp\surefire6003424218985846373\surefirebooter10489720883162933835.jar"/>
    <property name="user.script" value=""/>
    <property name="sun.management.compiler" value="HotSpot 64-Bit Tiered Compilers"/>
    <property name="java.runtime.version" value="14+36-1461"/>
    <property name="user.name" value="56440"/>
    <property name="path.separator" value=";"/>
    <property name="os.version" value="10.0"/>
    <property name="java.runtime.name" value="Java(TM) SE Runtime Environment"/>
    <property name="file.encoding" value="GBK"/>
    <property name="java.vm.name" value="Java HotSpot(TM) 64-Bit Server VM"/>
    <property name="localRepository" value="C:\Users\56440\.m2\repository"/>
    <property name="java.vendor.url.bug" value="https://bugreport.java.com/bugreport/"/>
    <property name="java.io.tmpdir" value="C:\Users\56440\AppData\Local\Temp\"/>
    <property name="java.version" value="14"/>
    <property name="user.dir" value="G:\Users\56440\IdeaProjects\AIDustbinServer"/>
    <property name="os.arch" value="amd64"/>
    <property name="java.vm.specification.name" value="Java Virtual Machine Specification"/>
    <property name="sun.os.patch.level" value=""/>
    <property name="java.library.path" value="D:\Program Files\Java\jdk-14\bin;C:\Windows\Sun\Java\bin;C:\Windows\system32;C:\Windows;C:\Program Files (x86)\Common Files\Intel\Shared Libraries\redist\intel64\compiler;D:\Program Files (x86)\NetSarang\Xftp 6\;D:\Program Files (x86)\NetSarang\Xshell 6\;C:\Program Files\NVIDIA GPU Computing Toolkit\CUDA\v10.2\bin;C:\Program Files\NVIDIA GPU Computing Toolkit\CUDA\v10.2\libnvvp;C:\Windows\system32;C:\Windows;C:\Windows\System32\Wbem;C:\Windows\System32\WindowsPowerShell\v1.0\;C:\Windows\System32\OpenSSH\;C:\Program Files (x86)\NVIDIA Corporation\PhysX\Common;C:\mingw64\bin;D:\ProgramData\Anaconda3\Scripts;D:\Program Files\Git\cmd;D:\Program Files\nodejs\;C:\Program Files\Microsoft SQL Server\Client SDK\ODBC\170\Tools\Binn\;C:\Program Files (x86)\Microsoft SQL Server\150\Tools\Binn\;C:\Program Files\Microsoft SQL Server\150\Tools\Binn\;C:\Program Files\Microsoft SQL Server\150\DTS\Binn\;D:\ProgramData\Anaconda3;E:\迅雷下载\工具软件\sqlite-tools-win32-x86-3310100\sqlite-tools-win32-x86-3310100;C:\Program Files (x86)\Microsoft SQL Server\150\DTS\Binn\;D:\Program Files\Java\jdk-14\bin;D:\Program Files\MySQL\MySQL Server 8.0\bin;C:\Program Files\dotnet\;D:\Program Files\PuTTY\;D:\Program Files\Java\apache-maven-3.6.3\bin\;D:\ProgramData\Anaconda3\envs\chaoxing\Scripts;D:\ProgramData\Anaconda3\Scripts;D:\Program Files\MySQL\MySQL Shell 8.0\bin\;C:\Users\56440\AppData\Local\Microsoft\WindowsApps;C:\Program Files\JetBrains\PyCharm 2019.1.1\bin;C:\Users\56440\AppData\Local\Programs\Fiddler;C:\Users\56440\PycharmProjects\untitled\venv\Scripts\;C:\Users\56440\AppData\Roaming\npm;C:\Users\56440\AppData\Local\GitHubDesktop\bin;D:\Users\56440\AppData\Local\Programs\Microsoft VS Code\bin;D:\Program Files\Java\apache-tomcat-9.0.35\bin;C:\Users\56440\AppData\Local\BypassRuntm;D:\Users\56440\AppData\Local\Programs\Fiddler;."/>
    <property name="java.vm.info" value="mixed mode, sharing"/>
    <property name="java.vendor" value="Oracle Corporation"/>
    <property name="java.vm.version" value="14+36-1461"/>
    <property name="sun.io.unicode.encoding" value="UnicodeLittle"/>
    <property name="java.class.version" value="58.0"/>
  </properties>
  <testcase name="testSaveUser" classname="com.aurora.test.MybatisTest" time="1.282"/>
  <testcase name="testFindAll" classname="com.aurora.test.MybatisTest" time="0.084"/>
  <testcase name="testFindByIdPassword" classname="com.aurora.test.MybatisTest" time="0.067"/>
</testsuite>